<?xml version="1.0" encoding="UTF-8"?>
<!-- Generated by org.testng.reporters.JUnitReportReporter -->
<testsuite hostname="TYSS-Vijayalaxmi" failures="0" tests="2" name="practice_package.SampleTest" time="0.013" errors="0" timestamp="2024-01-24T10:56:51 IST" skipped="0">
  <testcase classname="practice_package.SampleTest" name="sample1Test" time="0.010"/>
  <system-out/>
  <testcase classname="practice_package.SampleTest" name="sampleTest" time="0.003"/>
  <system-out/>
</testsuite> <!-- practice_package.SampleTest -->
