<?xml version="1.0" encoding="UTF-8"?>
<!-- Generated by org.testng.reporters.JUnitReportReporter -->
<testsuite hostname="TYSS-Vijayalaxmi" failures="0" tests="1" name="practice_package.DemoTest" time="0.002" errors="0" timestamp="2024-01-24T10:56:51 IST" skipped="0">
  <testcase classname="practice_package.DemoTest" name="demo1Test" time="0.002"/>
  <system-out/>
</testsuite> <!-- practice_package.DemoTest -->
