<?xml version="1.0" encoding="UTF-8"?>
<!-- Generated by org.testng.reporters.JUnitReportReporter -->
<testsuite hostname="TYSS-Vijayalaxmi" failures="0" tests="1" name="practice_package.PracticeTest" time="0.001" errors="0" timestamp="2024-01-24T10:56:51 IST" skipped="0">
  <testcase classname="practice_package.PracticeTest" name="pract2Test" time="0.001"/>
  <system-out/>
</testsuite> <!-- practice_package.PracticeTest -->
